<?xml version="1.0" encoding="utf-8"?><testsuites name="pytest tests"><testsuite name="pytest" errors="0" failures="0" skipped="0" tests="26" time="10.112" timestamp="2026-03-29T15:28:24.646346+00:00" hostname="agent-env-2f577a7b-8c97-425e-b1cd-b33ccdcbe095"><testcase classname="tests.test_phase37l_golive.TestHealthAndBasics" name="test_health_endpoint" time="0.152" /><testcase classname="tests.test_phase37l_golive.TestAuthAllRoles" name="test_staff_login" time="0.375" /><testcase classname="tests.test_phase37l_golive.TestAuthAllRoles" name="test_applicant_login" time="0.331" /><testcase classname="tests.test_phase37l_golive.TestAuthAllRoles" name="test_partner_login" time="0.322" /><testcase classname="tests.test_phase37l_golive.TestAuthAllRoles" name="test_admin_login" time="0.322" /><testcase classname="tests.test_phase37l_golive.TestAuthAllRoles" name="test_teacher_login" time="0.327" /><testcase classname="tests.test_phase37l_golive.TestAuthAllRoles" name="test_invalid_login_rejected" time="0.106" /><testcase classname="tests.test_phase37l_golive.TestTasksCRUD" name="test_create_task" time="0.394" /><testcase classname="tests.test_phase37l_golive.TestTasksCRUD" name="test_list_tasks" time="0.384" /><testcase classname="tests.test_phase37l_golive.TestTasksCRUD" name="test_task_full_workflow" time="0.975" /><testcase classname="tests.test_phase37l_golive.TestTasksCRUD" name="test_task_filter_by_status" time="0.417" /><testcase classname="tests.test_phase37l_golive.TestTasksCRUD" name="test_task_filter_by_priority" time="0.388" /><testcase classname="tests.test_phase37l_golive.TestApplicationsAPI" name="test_list_applications" time="0.412" /><testcase classname="tests.test_phase37l_golive.TestApplicationsAPI" name="test_get_application_detail" time="0.420" /><testcase classname="tests.test_phase37l_golive.TestApplicationsAPI" name="test_ai_screenings_endpoint" time="0.447" /><testcase classname="tests.test_phase37l_golive.TestPartnerAPI" name="test_partner_dashboard" time="0.387" /><testcase classname="tests.test_phase37l_golive.TestPartnerAPI" name="test_partner_referrals" time="0.381" /><testcase classname="tests.test_phase37l_golive.TestPartnerAPI" name="test_partner_referral_link" time="0.416" /><testcase classname="tests.test_phase37l_golive.TestRoleBasedAccess" name="test_applicant_sees_only_own_applications" time="0.383" /><testcase classname="tests.test_phase37l_golive.TestRoleBasedAccess" name="test_partner_sees_only_referrals" time="0.376" /><testcase classname="tests.test_phase37l_golive.TestRoleBasedAccess" name="test_staff_cannot_access_partner_dashboard" time="0.369" /><testcase classname="tests.test_phase37l_golive.TestCookieAuth" name="test_cookie_auth_works" time="0.383" /><testcase classname="tests.test_phase37l_golive.TestMessagingAPI" name="test_list_conversations" time="0.385" /><testcase classname="tests.test_phase37l_golive.TestFollowupsAPI" name="test_list_followups" time="0.383" /><testcase classname="tests.test_phase37l_golive.TestFollowupsAPI" name="test_due_followups" time="0.377" /><testcase classname="tests.test_phase37l_golive.TestExportAPI" name="test_export_applications_csv" time="0.383" /></testsuite></testsuites>