<?xml version="1.0" encoding="utf-8"?><testsuites name="pytest tests"><testsuite name="pytest" errors="0" failures="0" skipped="0" tests="18" time="4.225" timestamp="2026-03-29T11:08:35.521742+00:00" hostname="agent-env-581f93a2-73ea-409d-98b8-7c77ec46e8f9"><testcase classname="backend.tests.test_phase37g_cookie_manage.TestPhase37gBackendHealth" name="test_health_endpoint" time="0.175" /><testcase classname="backend.tests.test_phase37g_cookie_manage.TestPhase37gBackendHealth" name="test_admin_login" time="0.330" /><testcase classname="backend.tests.test_phase37g_cookie_manage.TestPhase37gBackendHealth" name="test_staff_login" time="0.320" /><testcase classname="backend.tests.test_phase37g_cookie_manage.TestPhase37gBackendHealth" name="test_teacher_login" time="0.331" /><testcase classname="backend.tests.test_phase37g_cookie_manage.TestPhase37gBackendHealth" name="test_applicant_login" time="0.321" /><testcase classname="backend.tests.test_phase37g_cookie_manage.TestPhase37gBackendHealth" name="test_invalid_login_rejected" time="0.096" /><testcase classname="backend.tests.test_phase37g_cookie_manage.TestPhase37gAuthenticatedEndpoints" name="test_admin_can_access_me" time="0.364" /><testcase classname="backend.tests.test_phase37g_cookie_manage.TestPhase37gAuthenticatedEndpoints" name="test_staff_can_access_me" time="0.357" /><testcase classname="backend.tests.test_phase37g_cookie_manage.TestPhase37gAuthenticatedEndpoints" name="test_applicant_can_access_me" time="0.385" /><testcase classname="backend.tests.test_phase37g_cookie_manage.TestPhase37gAuthenticatedEndpoints" name="test_notifications_requires_auth" time="0.095" /><testcase classname="backend.tests.test_phase37g_cookie_manage.TestPhase37gAuthenticatedEndpoints" name="test_applicant_can_access_notifications" time="0.360" /><testcase classname="backend.tests.test_phase37g_cookie_manage.TestPhase37gAuthenticatedEndpoints" name="test_staff_can_access_notifications" time="0.427" /><testcase classname="backend.tests.test_phase37g_cookie_manage.TestPhase37gFrontendPages" name="test_homepage_loads" time="0.097" /><testcase classname="backend.tests.test_phase37g_cookie_manage.TestPhase37gFrontendPages" name="test_legal_page_loads" time="0.097" /><testcase classname="backend.tests.test_phase37g_cookie_manage.TestPhase37gFrontendPages" name="test_agb_page_loads" time="0.096" /><testcase classname="backend.tests.test_phase37g_cookie_manage.TestPhase37gFrontendPages" name="test_privacy_page_loads" time="0.093" /><testcase classname="backend.tests.test_phase37g_cookie_manage.TestPhase37gFrontendPages" name="test_login_page_loads" time="0.091" /><testcase classname="backend.tests.test_phase37g_cookie_manage.TestPhase37gFrontendPages" name="test_apply_page_loads" time="0.106" /></testsuite></testsuites>