<?xml version="1.0" encoding="utf-8"?><testsuites name="pytest tests"><testsuite name="pytest" errors="0" failures="0" skipped="0" tests="23" time="6.553" timestamp="2026-03-29T10:21:54.322174+00:00" hostname="agent-env-581f93a2-73ea-409d-98b8-7c77ec46e8f9"><testcase classname="tests.test_phase37e_notifications.TestHealth" name="test_health_endpoint" time="0.110" /><testcase classname="tests.test_phase37e_notifications.TestAuthFlows" name="test_admin_login" time="0.355" /><testcase classname="tests.test_phase37e_notifications.TestAuthFlows" name="test_staff_login" time="0.327" /><testcase classname="tests.test_phase37e_notifications.TestAuthFlows" name="test_teacher_login" time="0.326" /><testcase classname="tests.test_phase37e_notifications.TestAuthFlows" name="test_applicant_login" time="0.321" /><testcase classname="tests.test_phase37e_notifications.TestNotificationEndpoints" name="test_notifications_requires_auth" time="0.099" /><testcase classname="tests.test_phase37e_notifications.TestNotificationEndpoints" name="test_unread_count_requires_auth" time="0.107" /><testcase classname="tests.test_phase37e_notifications.TestNotificationEndpoints" name="test_list_notifications_applicant" time="0.400" /><testcase classname="tests.test_phase37e_notifications.TestNotificationEndpoints" name="test_list_notifications_with_limit" time="0.357" /><testcase classname="tests.test_phase37e_notifications.TestNotificationEndpoints" name="test_list_notifications_unread_only" time="0.359" /><testcase classname="tests.test_phase37e_notifications.TestNotificationEndpoints" name="test_unread_count_applicant" time="0.359" /><testcase classname="tests.test_phase37e_notifications.TestNotificationEndpoints" name="test_list_notifications_staff" time="0.381" /><testcase classname="tests.test_phase37e_notifications.TestNotificationEndpoints" name="test_unread_count_staff" time="0.368" /><testcase classname="tests.test_phase37e_notifications.TestNotificationEndpoints" name="test_list_notifications_teacher" time="0.355" /><testcase classname="tests.test_phase37e_notifications.TestMarkNotificationRead" name="test_mark_read_requires_auth" time="0.100" /><testcase classname="tests.test_phase37e_notifications.TestMarkNotificationRead" name="test_mark_all_read_requires_auth" time="0.107" /><testcase classname="tests.test_phase37e_notifications.TestMarkNotificationRead" name="test_mark_single_notification_read" time="0.404" /><testcase classname="tests.test_phase37e_notifications.TestMarkNotificationRead" name="test_mark_all_notifications_read" time="0.428" /><testcase classname="tests.test_phase37e_notifications.TestMarkNotificationRead" name="test_mark_nonexistent_notification_read" time="0.377" /><testcase classname="tests.test_phase37e_notifications.TestNotificationTriggers" name="test_consent_types_include_teacher_data_access" time="0.374" /><testcase classname="tests.test_phase37e_notifications.TestNotificationTriggers" name="test_teacher_list_endpoint" time="0.359" /><testcase classname="tests.test_phase37e_notifications.TestEmailTemplateLanguageSupport" name="test_email_service_has_bilingual_templates" time="0.001" /><testcase classname="tests.test_phase37e_notifications.TestEmailTemplateLanguageSupport" name="test_notification_templates_have_de_en" time="0.073" /></testsuite></testsuites>