<?xml version="1.0" encoding="utf-8"?><testsuites name="pytest tests"><testsuite name="pytest" errors="0" failures="0" skipped="0" tests="15" time="4.386" timestamp="2026-03-29T14:46:10.900324+00:00" hostname="agent-env-2f577a7b-8c97-425e-b1cd-b33ccdcbe095"><testcase classname="tests.test_phase37k_golive.TestHealthAndCORS" name="test_health_endpoint" time="0.185" /><testcase classname="tests.test_phase37k_golive.TestHealthAndCORS" name="test_cors_without_origin_header" time="0.275" /><testcase classname="tests.test_phase37k_golive.TestLoginAllRoles" name="test_staff_login" time="0.272" /><testcase classname="tests.test_phase37k_golive.TestLoginAllRoles" name="test_applicant_login" time="0.276" /><testcase classname="tests.test_phase37k_golive.TestLoginAllRoles" name="test_partner_login" time="0.275" /><testcase classname="tests.test_phase37k_golive.TestLoginAllRoles" name="test_admin_login" time="0.276" /><testcase classname="tests.test_phase37k_golive.TestLoginAllRoles" name="test_teacher_login" time="0.282" /><testcase classname="tests.test_phase37k_golive.TestLoginAllRoles" name="test_invalid_login_rejected" time="0.047" /><testcase classname="tests.test_phase37k_golive.TestPartnerAPIs" name="test_partner_dashboard" time="0.327" /><testcase classname="tests.test_phase37k_golive.TestPartnerAPIs" name="test_partner_referrals" time="0.317" /><testcase classname="tests.test_phase37k_golive.TestPartnerAPIs" name="test_partner_referral_link" time="0.318" /><testcase classname="tests.test_phase37k_golive.TestAIScreening" name="test_get_applications" time="0.331" /><testcase classname="tests.test_phase37k_golive.TestAIScreening" name="test_accept_ai_suggestion" time="0.428" /><testcase classname="tests.test_phase37k_golive.TestCookieAuth" name="test_cookies_set_on_login" time="0.272" /><testcase classname="tests.test_phase37k_golive.TestCookieAuth" name="test_auth_me_with_cookies" time="0.318" /></testsuite></testsuites>