<?xml version="1.0" encoding="utf-8"?><testsuites name="pytest tests"><testsuite name="pytest" errors="0" failures="0" skipped="0" tests="13" time="4.020" timestamp="2026-03-29T10:38:45.890419+00:00" hostname="agent-env-581f93a2-73ea-409d-98b8-7c77ec46e8f9"><testcase classname="tests.test_phase37f_features.TestHealthEndpoint" name="test_health_returns_ok" time="0.166" /><testcase classname="tests.test_phase37f_features.TestAuthLogins" name="test_admin_login" time="0.314" /><testcase classname="tests.test_phase37f_features.TestAuthLogins" name="test_staff_login" time="0.326" /><testcase classname="tests.test_phase37f_features.TestAuthLogins" name="test_teacher_login" time="0.326" /><testcase classname="tests.test_phase37f_features.TestAuthLogins" name="test_applicant_login" time="0.326" /><testcase classname="tests.test_phase37f_features.TestAuthLogins" name="test_invalid_login_rejected" time="0.096" /><testcase classname="tests.test_phase37f_features.TestAuthenticatedEndpoints" name="test_admin_can_access_me" time="0.367" /><testcase classname="tests.test_phase37f_features.TestAuthenticatedEndpoints" name="test_staff_can_access_me" time="0.369" /><testcase classname="tests.test_phase37f_features.TestAuthenticatedEndpoints" name="test_teacher_can_access_me" time="0.377" /><testcase classname="tests.test_phase37f_features.TestAuthenticatedEndpoints" name="test_applicant_can_access_me" time="0.384" /><testcase classname="tests.test_phase37f_features.TestAuthenticatedEndpoints" name="test_notifications_endpoint_requires_auth" time="0.092" /><testcase classname="tests.test_phase37f_features.TestAuthenticatedEndpoints" name="test_applicant_can_access_notifications" time="0.384" /><testcase classname="tests.test_phase37f_features.TestAuthenticatedEndpoints" name="test_staff_can_access_notifications" time="0.415" /></testsuite></testsuites>