<?xml version="1.0" encoding="utf-8"?><testsuites name="pytest tests"><testsuite name="pytest" errors="0" failures="0" skipped="0" tests="20" time="8.558" timestamp="2026-03-29T11:31:18.420184+00:00" hostname="agent-env-581f93a2-73ea-409d-98b8-7c77ec46e8f9"><testcase classname="tests.test_phase37h_features.TestHealthAndAuth" name="test_health_endpoint" time="0.195" /><testcase classname="tests.test_phase37h_features.TestHealthAndAuth" name="test_admin_login" time="0.324" /><testcase classname="tests.test_phase37h_features.TestHealthAndAuth" name="test_staff_login" time="0.322" /><testcase classname="tests.test_phase37h_features.TestHealthAndAuth" name="test_teacher_login" time="0.319" /><testcase classname="tests.test_phase37h_features.TestHealthAndAuth" name="test_applicant_login" time="0.351" /><testcase classname="tests.test_phase37h_features.TestDashboardStats" name="test_dashboard_stats_endpoint" time="0.384" /><testcase classname="tests.test_phase37h_features.TestDashboardStats" name="test_applications_list_endpoint" time="0.390" /><testcase classname="tests.test_phase37h_features.TestCaseNotes" name="test_get_application_for_notes" time="0.393" /><testcase classname="tests.test_phase37h_features.TestCaseNotes" name="test_create_case_note" time="0.435" /><testcase classname="tests.test_phase37h_features.TestCaseNotes" name="test_list_case_notes_staff" time="0.423" /><testcase classname="tests.test_phase37h_features.TestCaseNotes" name="test_empty_note_rejected" time="0.422" /><testcase classname="tests.test_phase37h_features.TestActivities" name="test_list_activities" time="0.438" /><testcase classname="tests.test_phase37h_features.TestProfileEdit" name="test_update_applicant_profile" time="0.423" /><testcase classname="tests.test_phase37h_features.TestProfileEdit" name="test_profile_edit_no_applicant" time="0.401" /><testcase classname="tests.test_phase37h_features.TestCaseEmail" name="test_send_case_email" time="0.742" /><testcase classname="tests.test_phase37h_features.TestApplicationUpdate" name="test_update_application_stage" time="0.906" /><testcase classname="tests.test_phase37h_features.TestApplicationUpdate" name="test_update_application_fields" time="0.409" /><testcase classname="tests.test_phase37h_features.TestDocuments" name="test_list_documents" time="0.430" /><testcase classname="tests.test_phase37h_features.TestNotifications" name="test_notifications_endpoint_staff" time="0.364" /><testcase classname="tests.test_phase37h_features.TestNotifications" name="test_notifications_endpoint_applicant" time="0.376" /></testsuite></testsuites>