<?xml version="1.0" encoding="utf-8"?><testsuites name="pytest tests"><testsuite name="pytest" errors="0" failures="0" skipped="0" tests="18" time="7.289" timestamp="2026-03-29T12:07:18.918634+00:00" hostname="agent-env-e3ab0771-f9b6-41ac-9cc9-1ef21d675ea9"><testcase classname="backend.tests.test_phase37i_features.TestHealthAndAuth" name="test_health_endpoint" time="0.136" /><testcase classname="backend.tests.test_phase37i_features.TestHealthAndAuth" name="test_staff_login" time="0.325" /><testcase classname="backend.tests.test_phase37i_features.TestHealthAndAuth" name="test_applicant_login" time="0.355" /><testcase classname="backend.tests.test_phase37i_features.TestTasksAPI" name="test_list_tasks" time="0.376" /><testcase classname="backend.tests.test_phase37i_features.TestTasksAPI" name="test_create_task" time="0.409" /><testcase classname="backend.tests.test_phase37i_features.TestTasksAPI" name="test_update_task_status" time="0.415" /><testcase classname="backend.tests.test_phase37i_features.TestMessagingAPI" name="test_applicant_get_support_conversation" time="0.371" /><testcase classname="backend.tests.test_phase37i_features.TestMessagingAPI" name="test_applicant_list_conversations" time="0.381" /><testcase classname="backend.tests.test_phase37i_features.TestMessagingAPI" name="test_staff_list_conversations" time="0.372" /><testcase classname="backend.tests.test_phase37i_features.TestMessagingAPI" name="test_applicant_send_message" time="0.406" /><testcase classname="backend.tests.test_phase37i_features.TestMessagingAPI" name="test_staff_send_message" time="0.750" /><testcase classname="backend.tests.test_phase37i_features.TestMessagingAPI" name="test_get_conversation_messages" time="0.445" /><testcase classname="backend.tests.test_phase37i_features.TestMessagingAPI" name="test_message_has_sender_name" time="0.458" /><testcase classname="backend.tests.test_phase37i_features.TestDashboardAndApplications" name="test_dashboard_stats" time="0.377" /><testcase classname="backend.tests.test_phase37i_features.TestDashboardAndApplications" name="test_applications_list" time="0.427" /><testcase classname="backend.tests.test_phase37i_features.TestDashboardAndApplications" name="test_applications_have_pending_docs" time="0.408" /><testcase classname="backend.tests.test_phase37i_features.TestConversationEnrichment" name="test_conversations_have_participant_names" time="0.401" /><testcase classname="backend.tests.test_phase37i_features.TestConversationEnrichment" name="test_conversations_have_last_message_preview" time="0.364" /></testsuite></testsuites>