<?xml version="1.0" encoding="utf-8"?><testsuites name="pytest tests"><testsuite name="pytest" errors="0" failures="0" skipped="0" tests="14" time="4.437" timestamp="2026-03-29T12:39:45.437759+00:00" hostname="agent-env-e3ab0771-f9b6-41ac-9cc9-1ef21d675ea9"><testcase classname="backend.tests.test_phase37j_features.TestHealthCheck" name="test_health_endpoint" time="0.142" /><testcase classname="backend.tests.test_phase37j_features.TestLeadsIngestWithPassword" name="test_ingest_with_password_creates_account" time="0.983" /><testcase classname="backend.tests.test_phase37j_features.TestLeadsIngestWithPassword" name="test_ingest_without_password_backwards_compatible" time="0.397" /><testcase classname="backend.tests.test_phase37j_features.TestFollowupsAPI" name="test_list_followups" time="0.388" /><testcase classname="backend.tests.test_phase37j_features.TestFollowupsAPI" name="test_list_due_followups" time="0.052" /><testcase classname="backend.tests.test_phase37j_features.TestFollowupsAPI" name="test_create_followup" time="0.123" /><testcase classname="backend.tests.test_phase37j_features.TestFollowupsAPI" name="test_update_followup" time="0.096" /><testcase classname="backend.tests.test_phase37j_features.TestFollowupsAPI" name="test_dismiss_followup" time="0.104" /><testcase classname="backend.tests.test_phase37j_features.TestExportAPI" name="test_export_applications_csv" time="0.062" /><testcase classname="backend.tests.test_phase37j_features.TestExportAPI" name="test_export_applications_with_stage_filter" time="0.061" /><testcase classname="backend.tests.test_phase37j_features.TestMessagingAttachments" name="test_upload_attachment" time="0.463" /><testcase classname="backend.tests.test_phase37j_features.TestMessagingAttachments" name="test_download_attachment" time="0.110" /><testcase classname="backend.tests.test_phase37j_features.TestMessagingAttachments" name="test_staff_can_see_applicant_attachment" time="0.125" /><testcase classname="backend.tests.test_phase37j_features.TestAuthCookiesOnIngest" name="test_cookies_allow_portal_access" time="1.236" /></testsuite></testsuites>