<?xml version="1.0" encoding="utf-8"?><testsuites name="pytest tests"><testsuite name="pytest" errors="0" failures="1" skipped="1" tests="14" time="3.410" timestamp="2026-03-29T04:28:45.711380+00:00" hostname="agent-env-846d53e7-5e8f-4052-b329-2d1ed7c57ed7"><testcase classname="backend.tests.test_security_hardening.TestHealth" name="test_health_ok" time="0.134" /><testcase classname="backend.tests.test_security_hardening.TestAuthFlows" name="test_admin_login_role" time="0.280" /><testcase classname="backend.tests.test_security_hardening.TestAuthFlows" name="test_register_applicant" time="0.274" /><testcase classname="backend.tests.test_security_hardening.TestAuthFlows" name="test_token_refresh" time="0.411" /><testcase classname="backend.tests.test_security_hardening.TestAuthFlows" name="test_logout_clears_cookies" time="0.364" /><testcase classname="backend.tests.test_security_hardening.TestAuthFlows" name="test_brute_force_lockout" time="0.314"><failure message="AssertionError: 6th attempt should be 429, got 401: {&quot;detail&quot;:&quot;Ungültige E-Mail oder Passwort&quot;}&#10;assert 401 == 429&#10; +  where 401 = &lt;Response [401]&gt;.status_code">backend/tests/test_security_hardening.py:129: in test_brute_force_lockout
    assert r.status_code == 429, f"6th attempt should be 429, got {r.status_code}: {r.text}"
E   AssertionError: 6th attempt should be 429, got 401: {"detail":"Ungültige E-Mail oder Passwort"}
E   assert 401 == 429
E    +  where 401 = &lt;Response [401]&gt;.status_code</failure></testcase><testcase classname="backend.tests.test_security_hardening.TestAuthFlows" name="test_lead_claiming_flow" time="0.329" /><testcase classname="backend.tests.test_security_hardening.TestRBAC" name="test_unauthenticated_workspace_post_401" time="0.126" /><testcase classname="backend.tests.test_security_hardening.TestRBAC" name="test_applicant_cannot_get_audit_logs" time="0.480" /><testcase classname="backend.tests.test_security_hardening.TestRBAC" name="test_applicant_cannot_get_users" time="0.047" /><testcase classname="backend.tests.test_security_hardening.TestRBAC" name="test_applicant_cannot_update_other_user" time="0.422" /><testcase classname="backend.tests.test_security_hardening.TestWorkspaces" name="test_get_workspaces_returns_4" time="0.047" /><testcase classname="backend.tests.test_security_hardening.TestApplications" name="test_staff_can_get_applications" time="0.046" /><testcase classname="backend.tests.test_security_hardening.TestTaskOwnership" name="test_task_update_ownership_check" time="0.047"><skipped type="pytest.skip" message="Task creation not supported or failed: 500 Internal Server Error">/app/backend/tests/test_security_hardening.py:222: Task creation not supported or failed: 500 Internal Server Error</skipped></testcase></testsuite></testsuites>