<?xml version="1.0" encoding="utf-8"?><testsuites name="pytest tests"><testsuite name="pytest" errors="0" failures="0" skipped="0" tests="17" time="3.603" timestamp="2026-03-29T13:46:28.745485+00:00" hostname="agent-env-2f577a7b-8c97-425e-b1cd-b33ccdcbe095"><testcase classname="tests.test_phase37k_features.TestHealthAndAuth" name="test_health_endpoint" time="0.188" /><testcase classname="tests.test_phase37k_features.TestHealthAndAuth" name="test_admin_login" time="0.391" /><testcase classname="tests.test_phase37k_features.TestHealthAndAuth" name="test_staff_login" time="0.446" /><testcase classname="tests.test_phase37k_features.TestHealthAndAuth" name="test_applicant_login" time="0.398" /><testcase classname="tests.test_phase37k_features.TestHealthAndAuth" name="test_partner_login" time="0.375" /><testcase classname="tests.test_phase37k_features.TestPartnerAPI" name="test_partner_dashboard" time="0.047" /><testcase classname="tests.test_phase37k_features.TestPartnerAPI" name="test_partner_referrals" time="0.048" /><testcase classname="tests.test_phase37k_features.TestPartnerAPI" name="test_partner_referral_link" time="0.046" /><testcase classname="tests.test_phase37k_features.TestPartnerAPI" name="test_partner_dashboard_forbidden_for_applicant" time="0.054" /><testcase classname="tests.test_phase37k_features.TestPartnerAPI" name="test_admin_can_access_partner_dashboard" time="0.049" /><testcase classname="tests.test_phase37k_features.TestAIScreeningAcceptSuggestion" name="test_accept_ai_suggestion_requires_staff" time="0.109" /><testcase classname="tests.test_phase37k_features.TestAIScreeningAcceptSuggestion" name="test_accept_ai_suggestion_requires_suggested_stage" time="0.115" /><testcase classname="tests.test_phase37k_features.TestAIScreeningAcceptSuggestion" name="test_accept_ai_suggestion_works" time="0.610" /><testcase classname="tests.test_phase37k_features.TestAIScreeningAcceptSuggestion" name="test_ai_screenings_list" time="0.111" /><testcase classname="tests.test_phase37k_features.TestAuditTrail" name="test_activities_include_stage_changes" time="0.128" /><testcase classname="tests.test_phase37k_features.TestI18nEndpoints" name="test_user_language_preference_update" time="0.148" /><testcase classname="tests.test_phase37k_features.TestPartnerSettingsUpdate" name="test_partner_can_update_profile" time="0.148" /></testsuite></testsuites>