<?xml version="1.0" encoding="utf-8"?><testsuites name="pytest tests"><testsuite name="pytest" errors="0" failures="0" skipped="0" tests="19" time="5.681" timestamp="2026-03-29T09:43:30.262613+00:00" hostname="agent-env-87e1fe72-6c88-49f6-9659-1a43254dd4f6"><testcase classname="backend.tests.test_phase37c_features.TestHealthAndBasics" name="test_health_endpoint" time="0.136" /><testcase classname="backend.tests.test_phase37c_features.TestAllRoleLogins" name="test_admin_login" time="0.326" /><testcase classname="backend.tests.test_phase37c_features.TestAllRoleLogins" name="test_staff_login" time="0.324" /><testcase classname="backend.tests.test_phase37c_features.TestAllRoleLogins" name="test_teacher_login" time="0.329" /><testcase classname="backend.tests.test_phase37c_features.TestAllRoleLogins" name="test_applicant_login" time="0.315" /><testcase classname="backend.tests.test_phase37c_features.TestAllRoleLogins" name="test_invalid_login_returns_401" time="0.095" /><testcase classname="backend.tests.test_phase37c_features.TestTeacherAPI" name="test_teacher_my_students_endpoint" time="0.379" /><testcase classname="backend.tests.test_phase37c_features.TestTeacherAPI" name="test_teacher_my_students_requires_auth" time="0.102" /><testcase classname="backend.tests.test_phase37c_features.TestTeacherAPI" name="test_applicant_cannot_access_teacher_endpoint" time="0.370" /><testcase classname="backend.tests.test_phase37c_features.TestTeacherAPI" name="test_teacher_assignments_endpoint" time="0.372" /><testcase classname="backend.tests.test_phase37c_features.TestTeacherAPI" name="test_staff_can_list_all_assignments" time="0.366" /><testcase classname="backend.tests.test_phase37c_features.TestConsentAPI" name="test_consent_types_endpoint" time="0.098" /><testcase classname="backend.tests.test_phase37c_features.TestConsentAPI" name="test_applicant_grant_consent" time="0.359" /><testcase classname="backend.tests.test_phase37c_features.TestConsentAPI" name="test_applicant_get_my_consents" time="0.358" /><testcase classname="backend.tests.test_phase37c_features.TestConsentAPI" name="test_applicant_revoke_consent" time="0.446" /><testcase classname="backend.tests.test_phase37c_features.TestConsentAPI" name="test_consent_my_requires_auth" time="0.096" /><testcase classname="backend.tests.test_phase37c_features.TestAIModelRegistry" name="test_ai_model_registry_staff_access" time="0.616" /><testcase classname="backend.tests.test_phase37c_features.TestAIModelRegistry" name="test_ai_model_registry_requires_staff_role" time="0.376" /><testcase classname="backend.tests.test_phase37c_features.TestAIModelRegistry" name="test_ai_model_registry_requires_auth" time="0.104" /></testsuite></testsuites>