<?xml version="1.0" encoding="utf-8"?><testsuites name="pytest tests"><testsuite name="pytest" errors="0" failures="0" skipped="0" tests="11" time="3.283" timestamp="2026-03-29T04:09:49.398355+00:00" hostname="agent-env-846d53e7-5e8f-4052-b329-2d1ed7c57ed7"><testcase classname="backend.tests.test_w2g_platform.TestHealth" name="test_health" time="0.141" /><testcase classname="backend.tests.test_w2g_platform.TestAuth" name="test_admin_login_success" time="0.329" /><testcase classname="backend.tests.test_w2g_platform.TestAuth" name="test_login_invalid_credentials" time="0.139" /><testcase classname="backend.tests.test_w2g_platform.TestAuth" name="test_register_applicant" time="0.344" /><testcase classname="backend.tests.test_w2g_platform.TestAuth" name="test_me_unauthenticated" time="0.129" /><testcase classname="backend.tests.test_w2g_platform.TestLeadIngest" name="test_ingest_lead" time="0.111" /><testcase classname="backend.tests.test_w2g_platform.TestWorkspaces" name="test_list_workspaces" time="0.383" /><testcase classname="backend.tests.test_w2g_platform.TestDashboardStats" name="test_dashboard_stats" time="0.389" /><testcase classname="backend.tests.test_w2g_platform.TestUsers" name="test_list_users" time="0.369" /><testcase classname="backend.tests.test_w2g_platform.TestApplications" name="test_list_applications" time="0.390" /><testcase classname="backend.tests.test_w2g_platform.TestLogout" name="test_logout" time="0.490" /></testsuite></testsuites>