<?xml version="1.0" encoding="utf-8"?><testsuites name="pytest tests"><testsuite name="pytest" errors="0" failures="0" skipped="0" tests="21" time="474.147" timestamp="2026-03-29T05:08:05.659102+00:00" hostname="agent-env-13627a69-f82e-462e-9c1d-8508fa777617"><testcase classname="backend.tests.test_phase3_features.TestHealthCheck" name="test_api_health" time="0.004" /><testcase classname="backend.tests.test_phase3_features.TestLeadIngestPhase3" name="test_lead_ingest_basic_new_fields" time="0.519" /><testcase classname="backend.tests.test_phase3_features.TestLeadIngestPhase3" name="test_lead_ingest_returns_application_id" time="0.393" /><testcase classname="backend.tests.test_phase3_features.TestLeadIngestPhase3" name="test_lead_ingest_with_all_optional_fields" time="0.383" /><testcase classname="backend.tests.test_phase3_features.TestLeadIngestPhase3" name="test_lead_ingest_duplicate_detection" time="0.454" /><testcase classname="backend.tests.test_phase3_features.TestLeadIngestPhase3" name="test_lead_ingest_language_course_area" time="0.479" /><testcase classname="backend.tests.test_phase3_features.TestLeadIngestPhase3" name="test_lead_ingest_with_documents_metadata" time="0.397" /><testcase classname="backend.tests.test_phase3_features.TestAIScreening" name="test_ai_screen_requires_auth" time="0.330" /><testcase classname="backend.tests.test_phase3_features.TestAIScreening" name="test_ai_screenings_list_requires_auth" time="0.002" /><testcase classname="backend.tests.test_phase3_features.TestAIScreening" name="test_ai_screen_run_as_admin" time="182.922" /><testcase classname="backend.tests.test_phase3_features.TestAIScreening" name="test_ai_screen_local_checks_present" time="174.152" /><testcase classname="backend.tests.test_phase3_features.TestAIScreening" name="test_ai_screenings_list_as_admin" time="0.385" /><testcase classname="backend.tests.test_phase3_features.TestAIScreening" name="test_ai_screenings_history_after_run" time="109.805" /><testcase classname="backend.tests.test_phase3_features.TestAIScreening" name="test_ai_screen_invalid_app_id" time="0.042" /><testcase classname="backend.tests.test_phase3_features.TestAIScreening" name="test_ai_screen_not_found_app" time="0.308" /><testcase classname="backend.tests.test_phase3_features.TestApplicationNewFields" name="test_application_has_new_fields" time="0.044" /><testcase classname="backend.tests.test_phase3_features.TestApplicationNewFields" name="test_lead_ingest_persists_new_fields" time="1.283" /><testcase classname="backend.tests.test_phase3_features.TestStageUpdate" name="test_stage_update_as_admin" time="0.926" /><testcase classname="backend.tests.test_phase3_features.TestStageUpdate" name="test_stage_update_all_valid_stages" time="1.147" /><testcase classname="backend.tests.test_phase3_features.TestApplicationsList" name="test_applications_list_as_admin" time="0.063" /><testcase classname="backend.tests.test_phase3_features.TestApplicationsList" name="test_applications_list_forbidden_for_unauthenticated" time="0.002" /></testsuite></testsuites>