<?xml version="1.0" encoding="utf-8"?><testsuites name="pytest tests"><testsuite name="pytest" errors="0" failures="0" skipped="0" tests="20" time="45.989" timestamp="2026-03-29T05:57:58.137362+00:00" hostname="agent-env-13627a69-f82e-462e-9c1d-8508fa777617"><testcase classname="backend.tests.test_phase35_features.TestHealth" name="test_backend_reachable" time="0.283" /><testcase classname="backend.tests.test_phase35_features.TestLeadsIngest" name="test_ingest_minimal" time="0.529" /><testcase classname="backend.tests.test_phase35_features.TestLeadsIngest" name="test_ingest_all_new_fields" time="0.410" /><testcase classname="backend.tests.test_phase35_features.TestLeadsIngest" name="test_ingest_duplicate_detection" time="0.426" /><testcase classname="backend.tests.test_phase35_features.TestLeadsIngest" name="test_ingest_with_document_metadata" time="0.409" /><testcase classname="backend.tests.test_phase35_features.TestLeadsIngest" name="test_ingest_returns_message" time="0.361" /><testcase classname="backend.tests.test_phase35_features.TestAIScreenings" name="test_get_screenings_requires_auth" time="0.479" /><testcase classname="backend.tests.test_phase35_features.TestAIScreenings" name="test_get_screenings_staff_can_access" time="0.047" /><testcase classname="backend.tests.test_phase35_features.TestAIScreenings" name="test_get_screenings_structure" time="0.045" /><testcase classname="backend.tests.test_phase35_features.TestAIScreenings" name="test_run_ai_screening" time="41.691" /><testcase classname="backend.tests.test_phase35_features.TestAIScreenings" name="test_screening_persists_after_run" time="0.050" /><testcase classname="backend.tests.test_phase35_features.TestUsersAdmin" name="test_get_users_admin_only" time="0.217" /><testcase classname="backend.tests.test_phase35_features.TestUsersAdmin" name="test_get_users_list" time="0.053" /><testcase classname="backend.tests.test_phase35_features.TestUsersAdmin" name="test_users_contain_required_fields" time="0.057" /><testcase classname="backend.tests.test_phase35_features.TestUsersAdmin" name="test_toggle_user_active_status" time="0.230" /><testcase classname="backend.tests.test_phase35_features.TestUsersAdmin" name="test_invite_creates_link" time="0.272" /><testcase classname="backend.tests.test_phase35_features.TestUsersAdmin" name="test_users_has_staff_roles" time="0.047" /><testcase classname="backend.tests.test_phase35_features.TestApplicationsAPI" name="test_get_applications_requires_auth" time="0.107" /><testcase classname="backend.tests.test_phase35_features.TestApplicationsAPI" name="test_get_applications_staff" time="0.072" /><testcase classname="backend.tests.test_phase35_features.TestApplicationsAPI" name="test_application_has_stage_field" time="0.095" /></testsuite></testsuites>