<?xml version="1.0" encoding="utf-8"?><testsuites name="pytest tests"><testsuite name="pytest" errors="0" failures="0" skipped="0" tests="23" time="7.348" timestamp="2026-03-29T09:58:13.804602+00:00" hostname="agent-env-87e1fe72-6c88-49f6-9659-1a43254dd4f6"><testcase classname="backend.tests.test_phase37d_features.TestHealthAndAuth" name="test_health_endpoint" time="0.120" /><testcase classname="backend.tests.test_phase37d_features.TestHealthAndAuth" name="test_admin_login" time="0.328" /><testcase classname="backend.tests.test_phase37d_features.TestHealthAndAuth" name="test_staff_login" time="0.320" /><testcase classname="backend.tests.test_phase37d_features.TestHealthAndAuth" name="test_teacher_login" time="0.319" /><testcase classname="backend.tests.test_phase37d_features.TestHealthAndAuth" name="test_applicant_login" time="0.330" /><testcase classname="backend.tests.test_phase37d_features.TestTeacherListEndpoint" name="test_staff_can_list_teachers" time="0.381" /><testcase classname="backend.tests.test_phase37d_features.TestTeacherListEndpoint" name="test_teacher_can_list_teachers" time="0.366" /><testcase classname="backend.tests.test_phase37d_features.TestTeacherListEndpoint" name="test_applicant_cannot_list_teachers" time="0.380" /><testcase classname="backend.tests.test_phase37d_features.TestTeacherListEndpoint" name="test_unauthenticated_cannot_list_teachers" time="0.094" /><testcase classname="backend.tests.test_phase37d_features.TestTeacherAssignments" name="test_staff_can_list_assignments" time="0.371" /><testcase classname="backend.tests.test_phase37d_features.TestTeacherAssignments" name="test_teacher_can_list_own_assignments" time="0.362" /><testcase classname="backend.tests.test_phase37d_features.TestTeacherAssignments" name="test_assignment_requires_auth" time="0.092" /><testcase classname="backend.tests.test_phase37d_features.TestTeacherAssignments" name="test_assignment_requires_staff_role" time="0.362" /><testcase classname="backend.tests.test_phase37d_features.TestTeacherMyStudents" name="test_teacher_can_get_my_students" time="0.379" /><testcase classname="backend.tests.test_phase37d_features.TestTeacherMyStudents" name="test_my_students_requires_teacher_role" time="0.426" /><testcase classname="backend.tests.test_phase37d_features.TestTeacherMyStudents" name="test_my_students_requires_auth" time="0.094" /><testcase classname="backend.tests.test_phase37d_features.TestConsentFlow" name="test_consent_types_include_teacher_data_access" time="0.453" /><testcase classname="backend.tests.test_phase37d_features.TestConsentFlow" name="test_applicant_can_grant_consent" time="0.407" /><testcase classname="backend.tests.test_phase37d_features.TestConsentFlow" name="test_applicant_can_view_own_consents" time="0.375" /><testcase classname="backend.tests.test_phase37d_features.TestConsentFlow" name="test_applicant_can_revoke_consent" time="0.414" /><testcase classname="backend.tests.test_phase37d_features.TestCostSimulator" name="test_staff_can_access_cost_simulator" time="0.383" /><testcase classname="backend.tests.test_phase37d_features.TestCostSimulator" name="test_applicant_cannot_access_cost_simulator" time="0.360" /><testcase classname="backend.tests.test_phase37d_features.TestCostSimulator" name="test_cost_simulator_requires_auth" time="0.095" /></testsuite></testsuites>