<?xml version="1.0" encoding="utf-8"?><testsuites name="pytest tests"><testsuite name="pytest" errors="0" failures="0" skipped="0" tests="14" time="3.806" timestamp="2026-03-29T09:17:32.426233+00:00" hostname="agent-env-87e1fe72-6c88-49f6-9659-1a43254dd4f6"><testcase classname="tests.test_phase37b_i18n_auth.TestHealthAndConfig" name="test_health_endpoint" time="0.108" /><testcase classname="tests.test_phase37b_i18n_auth.TestHealthAndConfig" name="test_email_from_domain" time="0.090" /><testcase classname="tests.test_phase37b_i18n_auth.TestConsentAPI" name="test_get_consent_types_public" time="0.097" /><testcase classname="tests.test_phase37b_i18n_auth.TestAuthLogin" name="test_admin_login" time="0.325" /><testcase classname="tests.test_phase37b_i18n_auth.TestAuthLogin" name="test_staff_login" time="0.327" /><testcase classname="tests.test_phase37b_i18n_auth.TestAuthLogin" name="test_teacher_login" time="0.322" /><testcase classname="tests.test_phase37b_i18n_auth.TestAuthLogin" name="test_applicant_login" time="0.327" /><testcase classname="tests.test_phase37b_i18n_auth.TestAuthLogin" name="test_invalid_login" time="0.104" /><testcase classname="tests.test_phase37b_i18n_auth.TestTeacherAPI" name="test_teacher_assignments_requires_auth" time="0.094" /><testcase classname="tests.test_phase37b_i18n_auth.TestTeacherAPI" name="test_teacher_can_list_assignments" time="0.402" /><testcase classname="tests.test_phase37b_i18n_auth.TestTeacherAPI" name="test_teacher_my_students_endpoint" time="0.361" /><testcase classname="tests.test_phase37b_i18n_auth.TestStaffAccess" name="test_staff_can_list_all_assignments" time="0.426" /><testcase classname="tests.test_phase37b_i18n_auth.TestApplicantAccess" name="test_applicant_cannot_access_teacher_assignments" time="0.361" /><testcase classname="tests.test_phase37b_i18n_auth.TestApplicantAccess" name="test_applicant_can_view_own_consents" time="0.368" /></testsuite></testsuites>